2023/08/24 21:51:17 [emerg] 1#1: open() "/etc/nginx/snippets/fastcgi-php.conf" failed (2: No such file or directory) in /etc/nginx/conf.d/default.conf:19
2023/08/24 21:51:18 [emerg] 1#1: open() "/etc/nginx/snippets/fastcgi-php.conf" failed (2: No such file or directory) in /etc/nginx/conf.d/default.conf:19
2023/08/24 21:51:19 [emerg] 1#1: open() "/etc/nginx/snippets/fastcgi-php.conf" failed (2: No such file or directory) in /etc/nginx/conf.d/default.conf:19
2023/08/24 21:51:19 [emerg] 1#1: open() "/etc/nginx/snippets/fastcgi-php.conf" failed (2: No such file or directory) in /etc/nginx/conf.d/default.conf:19
2023/08/24 21:51:20 [emerg] 1#1: open() "/etc/nginx/snippets/fastcgi-php.conf" failed (2: No such file or directory) in /etc/nginx/conf.d/default.conf:19
2023/08/24 21:51:22 [emerg] 1#1: open() "/etc/nginx/snippets/fastcgi-php.conf" failed (2: No such file or directory) in /etc/nginx/conf.d/default.conf:19
2023/08/24 21:51:26 [emerg] 1#1: open() "/etc/nginx/snippets/fastcgi-php.conf" failed (2: No such file or directory) in /etc/nginx/conf.d/default.conf:19
2023/08/24 21:51:33 [emerg] 1#1: open() "/etc/nginx/snippets/fastcgi-php.conf" failed (2: No such file or directory) in /etc/nginx/conf.d/default.conf:19
2023/08/24 21:51:46 [emerg] 1#1: open() "/etc/nginx/snippets/fastcgi-php.conf" failed (2: No such file or directory) in /etc/nginx/conf.d/default.conf:19
2023/08/24 21:52:12 [emerg] 1#1: open() "/etc/nginx/snippets/fastcgi-php.conf" failed (2: No such file or directory) in /etc/nginx/conf.d/default.conf:19
2023/08/24 21:53:04 [emerg] 1#1: open() "/etc/nginx/snippets/fastcgi-php.conf" failed (2: No such file or directory) in /etc/nginx/conf.d/default.conf:19
2023/08/24 21:54:04 [notice] 1#1: using the "epoll" event method
2023/08/24 21:54:04 [notice] 1#1: nginx/1.23.3
2023/08/24 21:54:04 [notice] 1#1: built by gcc 12.2.1 20220924 (Alpine 12.2.1_git20220924-r4) 
2023/08/24 21:54:04 [notice] 1#1: OS: Linux 6.2.0-26-generic
2023/08/24 21:54:04 [notice] 1#1: getrlimit(RLIMIT_NOFILE): 1048576:1048576
2023/08/24 21:54:04 [notice] 1#1: start worker processes
2023/08/24 21:54:04 [notice] 1#1: start worker process 29
2023/08/24 21:54:04 [notice] 1#1: start worker process 30
2023/08/24 21:54:04 [notice] 1#1: start worker process 31
2023/08/24 21:54:04 [notice] 1#1: start worker process 32
2023/08/24 21:54:04 [notice] 1#1: start worker process 33
2023/08/24 21:54:04 [notice] 1#1: start worker process 34
2023/08/24 21:54:04 [notice] 1#1: start worker process 35
2023/08/24 21:54:04 [notice] 1#1: start worker process 36
2023/08/24 21:57:54 [notice] 1#1: signal 3 (SIGQUIT) received, shutting down
2023/08/24 21:57:54 [notice] 32#32: gracefully shutting down
2023/08/24 21:57:54 [notice] 33#33: gracefully shutting down
2023/08/24 21:57:54 [notice] 32#32: exiting
2023/08/24 21:57:54 [notice] 33#33: exiting
2023/08/24 21:57:54 [notice] 32#32: exit
2023/08/24 21:57:54 [notice] 33#33: exit
2023/08/24 21:57:54 [notice] 29#29: gracefully shutting down
2023/08/24 21:57:54 [notice] 29#29: exiting
2023/08/24 21:57:54 [notice] 34#34: gracefully shutting down
2023/08/24 21:57:54 [notice] 34#34: exiting
2023/08/24 21:57:54 [notice] 29#29: exit
2023/08/24 21:57:54 [notice] 34#34: exit
2023/08/24 21:57:54 [notice] 30#30: gracefully shutting down
2023/08/24 21:57:54 [notice] 30#30: exiting
2023/08/24 21:57:54 [notice] 30#30: exit
2023/08/24 21:57:54 [notice] 31#31: gracefully shutting down
2023/08/24 21:57:54 [notice] 31#31: exiting
2023/08/24 21:57:54 [notice] 35#35: gracefully shutting down
2023/08/24 21:57:54 [notice] 35#35: exiting
2023/08/24 21:57:54 [notice] 31#31: exit
2023/08/24 21:57:54 [notice] 35#35: exit
2023/08/24 21:57:54 [notice] 36#36: gracefully shutting down
2023/08/24 21:57:54 [notice] 36#36: exiting
2023/08/24 21:57:54 [notice] 36#36: exit
2023/08/24 21:57:54 [notice] 1#1: signal 17 (SIGCHLD) received from 33
2023/08/24 21:57:54 [notice] 1#1: worker process 33 exited with code 0
2023/08/24 21:57:54 [notice] 1#1: worker process 35 exited with code 0
2023/08/24 21:57:54 [notice] 1#1: worker process 36 exited with code 0
2023/08/24 21:57:54 [notice] 1#1: signal 29 (SIGIO) received
2023/08/24 21:57:54 [notice] 1#1: signal 17 (SIGCHLD) received from 35
2023/08/24 21:57:54 [notice] 1#1: signal 17 (SIGCHLD) received from 34
2023/08/24 21:57:54 [notice] 1#1: worker process 34 exited with code 0
2023/08/24 21:57:54 [notice] 1#1: signal 29 (SIGIO) received
2023/08/24 21:57:54 [notice] 1#1: signal 17 (SIGCHLD) received from 30
2023/08/24 21:57:54 [notice] 1#1: worker process 30 exited with code 0
2023/08/24 21:57:54 [notice] 1#1: worker process 32 exited with code 0
2023/08/24 21:57:54 [notice] 1#1: signal 29 (SIGIO) received
2023/08/24 21:57:54 [notice] 1#1: signal 17 (SIGCHLD) received from 31
2023/08/24 21:57:54 [notice] 1#1: worker process 29 exited with code 0
2023/08/24 21:57:54 [notice] 1#1: worker process 31 exited with code 0
2023/08/24 21:57:54 [notice] 1#1: exit
2023/08/24 21:58:00 [notice] 1#1: using the "epoll" event method
2023/08/24 21:58:00 [notice] 1#1: nginx/1.23.3
2023/08/24 21:58:00 [notice] 1#1: built by gcc 12.2.1 20220924 (Alpine 12.2.1_git20220924-r4) 
2023/08/24 21:58:00 [notice] 1#1: OS: Linux 6.2.0-26-generic
2023/08/24 21:58:00 [notice] 1#1: getrlimit(RLIMIT_NOFILE): 1048576:1048576
2023/08/24 21:58:00 [notice] 1#1: start worker processes
2023/08/24 21:58:00 [notice] 1#1: start worker process 29
2023/08/24 21:58:00 [notice] 1#1: start worker process 30
2023/08/24 21:58:00 [notice] 1#1: start worker process 31
2023/08/24 21:58:00 [notice] 1#1: start worker process 32
2023/08/24 21:58:00 [notice] 1#1: start worker process 33
2023/08/24 21:58:00 [notice] 1#1: start worker process 34
2023/08/24 21:58:00 [notice] 1#1: start worker process 35
2023/08/24 21:58:00 [notice] 1#1: start worker process 36
2023/08/25 00:47:12 [notice] 1#1: signal 3 (SIGQUIT) received, shutting down
2023/08/25 00:47:12 [notice] 32#32: gracefully shutting down
2023/08/25 00:47:12 [notice] 36#36: gracefully shutting down
2023/08/25 00:47:12 [notice] 32#32: exiting
2023/08/25 00:47:12 [notice] 36#36: exiting
2023/08/25 00:47:12 [notice] 30#30: gracefully shutting down
2023/08/25 00:47:12 [notice] 30#30: exiting
2023/08/25 00:47:12 [notice] 32#32: exit
2023/08/25 00:47:12 [notice] 36#36: exit
2023/08/25 00:47:12 [notice] 30#30: exit
2023/08/25 00:47:12 [notice] 29#29: gracefully shutting down
2023/08/25 00:47:12 [notice] 29#29: exiting
2023/08/25 00:47:12 [notice] 29#29: exit
2023/08/25 00:47:12 [notice] 33#33: gracefully shutting down
2023/08/25 00:47:12 [notice] 33#33: exiting
2023/08/25 00:47:12 [notice] 31#31: gracefully shutting down
2023/08/25 00:47:12 [notice] 31#31: exiting
2023/08/25 00:47:12 [notice] 34#34: gracefully shutting down
2023/08/25 00:47:12 [notice] 34#34: exiting
2023/08/25 00:47:12 [notice] 31#31: exit
2023/08/25 00:47:12 [notice] 34#34: exit
2023/08/25 00:47:12 [notice] 35#35: gracefully shutting down
2023/08/25 00:47:12 [notice] 35#35: exiting
2023/08/25 00:47:12 [notice] 33#33: exit
2023/08/25 00:47:12 [notice] 35#35: exit
2023/08/25 00:47:12 [notice] 1#1: signal 17 (SIGCHLD) received from 30
2023/08/25 00:47:12 [notice] 1#1: worker process 30 exited with code 0
2023/08/25 00:47:12 [notice] 1#1: signal 29 (SIGIO) received
2023/08/25 00:47:12 [notice] 1#1: signal 17 (SIGCHLD) received from 31
2023/08/25 00:47:12 [notice] 1#1: worker process 29 exited with code 0
2023/08/25 00:47:12 [notice] 1#1: worker process 31 exited with code 0
2023/08/25 00:47:12 [notice] 1#1: worker process 35 exited with code 0
2023/08/25 00:47:12 [notice] 1#1: signal 29 (SIGIO) received
2023/08/25 00:47:12 [notice] 1#1: signal 17 (SIGCHLD) received from 34
2023/08/25 00:47:12 [notice] 1#1: worker process 32 exited with code 0
2023/08/25 00:47:12 [notice] 1#1: worker process 33 exited with code 0
2023/08/25 00:47:12 [notice] 1#1: worker process 34 exited with code 0
2023/08/25 00:47:12 [notice] 1#1: worker process 36 exited with code 0
2023/08/25 00:47:12 [notice] 1#1: exit
2023/08/25 07:51:33 [notice] 1#1: using the "epoll" event method
2023/08/25 07:51:33 [notice] 1#1: nginx/1.23.3
2023/08/25 07:51:33 [notice] 1#1: built by gcc 12.2.1 20220924 (Alpine 12.2.1_git20220924-r4) 
2023/08/25 07:51:33 [notice] 1#1: OS: Linux 6.2.0-26-generic
2023/08/25 07:51:33 [notice] 1#1: getrlimit(RLIMIT_NOFILE): 1048576:1048576
2023/08/25 07:51:33 [notice] 1#1: start worker processes
2023/08/25 07:51:33 [notice] 1#1: start worker process 29
2023/08/25 07:51:33 [notice] 1#1: start worker process 30
2023/08/25 07:51:33 [notice] 1#1: start worker process 31
2023/08/25 07:51:33 [notice] 1#1: start worker process 32
2023/08/25 07:51:33 [notice] 1#1: start worker process 33
2023/08/25 07:51:33 [notice] 1#1: start worker process 34
2023/08/25 07:51:33 [notice] 1#1: start worker process 35
2023/08/25 07:51:33 [notice] 1#1: start worker process 36
2023/08/25 12:34:01 [notice] 1#1: using the "epoll" event method
2023/08/25 12:34:01 [notice] 1#1: nginx/1.23.3
2023/08/25 12:34:01 [notice] 1#1: built by gcc 12.2.1 20220924 (Alpine 12.2.1_git20220924-r4) 
2023/08/25 12:34:01 [notice] 1#1: OS: Linux 6.2.0-26-generic
2023/08/25 12:34:01 [notice] 1#1: getrlimit(RLIMIT_NOFILE): 1048576:1048576
2023/08/25 12:34:01 [notice] 1#1: start worker processes
2023/08/25 12:34:01 [notice] 1#1: start worker process 29
2023/08/25 12:34:01 [notice] 1#1: start worker process 30
2023/08/25 12:34:01 [notice] 1#1: start worker process 31
2023/08/25 12:34:01 [notice] 1#1: start worker process 32
2023/08/25 12:34:01 [notice] 1#1: start worker process 33
2023/08/25 12:34:01 [notice] 1#1: start worker process 34
2023/08/25 12:34:01 [notice] 1#1: start worker process 35
2023/08/25 12:34:01 [notice] 1#1: start worker process 36
2023/08/25 13:05:49 [notice] 1#1: signal 3 (SIGQUIT) received, shutting down
2023/08/25 13:05:49 [notice] 29#29: gracefully shutting down
2023/08/25 13:05:49 [notice] 29#29: exiting
2023/08/25 13:05:49 [notice] 29#29: exit
2023/08/25 13:05:49 [notice] 31#31: gracefully shutting down
2023/08/25 13:05:49 [notice] 31#31: exiting
2023/08/25 13:05:49 [notice] 31#31: exit
2023/08/25 13:05:49 [notice] 33#33: gracefully shutting down
2023/08/25 13:05:49 [notice] 33#33: exiting
2023/08/25 13:05:49 [notice] 33#33: exit
2023/08/25 13:05:49 [notice] 32#32: gracefully shutting down
2023/08/25 13:05:49 [notice] 32#32: exiting
2023/08/25 13:05:49 [notice] 32#32: exit
2023/08/25 13:05:49 [notice] 34#34: gracefully shutting down
2023/08/25 13:05:49 [notice] 34#34: exiting
2023/08/25 13:05:49 [notice] 34#34: exit
2023/08/25 13:05:49 [notice] 35#35: gracefully shutting down
2023/08/25 13:05:49 [notice] 30#30: gracefully shutting down
2023/08/25 13:05:49 [notice] 30#30: exiting
2023/08/25 13:05:49 [notice] 36#36: gracefully shutting down
2023/08/25 13:05:49 [notice] 36#36: exiting
2023/08/25 13:05:49 [notice] 30#30: exit
2023/08/25 13:05:49 [notice] 35#35: exiting
2023/08/25 13:05:49 [notice] 35#35: exit
2023/08/25 13:05:49 [notice] 36#36: exit
2023/08/25 13:05:49 [notice] 1#1: signal 17 (SIGCHLD) received from 30
2023/08/25 13:05:49 [notice] 1#1: worker process 30 exited with code 0
2023/08/25 13:05:49 [notice] 1#1: signal 29 (SIGIO) received
2023/08/25 13:05:49 [notice] 1#1: signal 17 (SIGCHLD) received from 34
2023/08/25 13:05:49 [notice] 1#1: worker process 34 exited with code 0
2023/08/25 13:05:49 [notice] 1#1: signal 29 (SIGIO) received
2023/08/25 13:05:49 [notice] 1#1: signal 17 (SIGCHLD) received from 33
2023/08/25 13:05:49 [notice] 1#1: worker process 33 exited with code 0
2023/08/25 13:05:49 [notice] 1#1: signal 29 (SIGIO) received
2023/08/25 13:05:49 [notice] 1#1: signal 17 (SIGCHLD) received from 31
2023/08/25 13:05:49 [notice] 1#1: worker process 31 exited with code 0
2023/08/25 13:05:49 [notice] 1#1: signal 29 (SIGIO) received
2023/08/25 13:05:49 [notice] 1#1: signal 17 (SIGCHLD) received from 35
2023/08/25 13:05:49 [notice] 1#1: worker process 29 exited with code 0
2023/08/25 13:05:49 [notice] 1#1: worker process 35 exited with code 0
2023/08/25 13:05:49 [notice] 1#1: worker process 36 exited with code 0
2023/08/25 13:05:49 [notice] 1#1: signal 29 (SIGIO) received
2023/08/25 13:05:49 [notice] 1#1: signal 17 (SIGCHLD) received from 32
2023/08/25 13:05:49 [notice] 1#1: worker process 32 exited with code 0
2023/08/25 13:05:49 [notice] 1#1: exit
2023/08/25 18:21:04 [notice] 1#1: using the "epoll" event method
2023/08/25 18:21:04 [notice] 1#1: nginx/1.23.3
2023/08/25 18:21:04 [notice] 1#1: built by gcc 12.2.1 20220924 (Alpine 12.2.1_git20220924-r4) 
2023/08/25 18:21:04 [notice] 1#1: OS: Linux 6.2.0-26-generic
2023/08/25 18:21:04 [notice] 1#1: getrlimit(RLIMIT_NOFILE): 1048576:1048576
2023/08/25 18:21:04 [notice] 1#1: start worker processes
2023/08/25 18:21:04 [notice] 1#1: start worker process 29
2023/08/25 18:21:04 [notice] 1#1: start worker process 30
2023/08/25 18:21:04 [notice] 1#1: start worker process 31
2023/08/25 18:21:04 [notice] 1#1: start worker process 32
2023/08/25 18:21:04 [notice] 1#1: start worker process 33
2023/08/25 18:21:04 [notice] 1#1: start worker process 34
2023/08/25 18:21:04 [notice] 1#1: start worker process 35
2023/08/25 18:21:04 [notice] 1#1: start worker process 36
2023/08/25 20:10:36 [notice] 1#1: signal 3 (SIGQUIT) received, shutting down
2023/08/25 20:10:36 [notice] 29#29: gracefully shutting down
2023/08/25 20:10:36 [notice] 30#30: gracefully shutting down
2023/08/25 20:10:36 [notice] 32#32: gracefully shutting down
2023/08/25 20:10:36 [notice] 33#33: gracefully shutting down
2023/08/25 20:10:36 [notice] 31#31: gracefully shutting down
2023/08/25 20:10:36 [notice] 29#29: exiting
2023/08/25 20:10:36 [notice] 34#34: gracefully shutting down
2023/08/25 20:10:36 [notice] 31#31: exiting
2023/08/25 20:10:36 [notice] 34#34: exiting
2023/08/25 20:10:36 [notice] 35#35: gracefully shutting down
2023/08/25 20:10:36 [notice] 32#32: exiting
2023/08/25 20:10:36 [notice] 35#35: exiting
2023/08/25 20:10:36 [notice] 30#30: exiting
2023/08/25 20:10:36 [notice] 29#29: exit
2023/08/25 20:10:36 [notice] 31#31: exit
2023/08/25 20:10:36 [notice] 34#34: exit
2023/08/25 20:10:36 [notice] 35#35: exit
2023/08/25 20:10:36 [notice] 32#32: exit
2023/08/25 20:10:36 [notice] 30#30: exit
2023/08/25 20:10:36 [notice] 33#33: exiting
2023/08/25 20:10:36 [notice] 36#36: gracefully shutting down
2023/08/25 20:10:36 [notice] 36#36: exiting
2023/08/25 20:10:36 [notice] 36#36: exit
2023/08/25 20:10:36 [notice] 33#33: exit
2023/08/25 20:10:36 [notice] 1#1: signal 17 (SIGCHLD) received from 36
2023/08/25 20:10:36 [notice] 1#1: worker process 34 exited with code 0
2023/08/25 20:10:36 [notice] 1#1: worker process 36 exited with code 0
2023/08/25 20:10:36 [notice] 1#1: signal 29 (SIGIO) received
2023/08/25 20:10:36 [notice] 1#1: signal 17 (SIGCHLD) received from 30
2023/08/25 20:10:36 [notice] 1#1: worker process 30 exited with code 0
2023/08/25 20:10:36 [notice] 1#1: signal 29 (SIGIO) received
2023/08/25 20:10:36 [notice] 1#1: signal 17 (SIGCHLD) received from 31
2023/08/25 20:10:36 [notice] 1#1: worker process 29 exited with code 0
2023/08/25 20:10:36 [notice] 1#1: worker process 31 exited with code 0
2023/08/25 20:10:36 [notice] 1#1: worker process 33 exited with code 0
2023/08/25 20:10:36 [notice] 1#1: signal 29 (SIGIO) received
2023/08/25 20:10:36 [notice] 1#1: signal 17 (SIGCHLD) received from 33
2023/08/25 20:10:36 [notice] 1#1: signal 17 (SIGCHLD) received from 35
2023/08/25 20:10:36 [notice] 1#1: worker process 32 exited with code 0
2023/08/25 20:10:36 [notice] 1#1: worker process 35 exited with code 0
2023/08/25 20:10:36 [notice] 1#1: exit
2024/01/24 19:54:35 [notice] 1#1: using the "epoll" event method
2024/01/24 19:54:35 [notice] 1#1: nginx/1.23.3
2024/01/24 19:54:35 [notice] 1#1: built by gcc 12.2.1 20220924 (Alpine 12.2.1_git20220924-r4) 
2024/01/24 19:54:35 [notice] 1#1: OS: Linux 6.5.0-14-generic
2024/01/24 19:54:35 [notice] 1#1: getrlimit(RLIMIT_NOFILE): 1048576:1048576
2024/01/24 19:54:35 [notice] 1#1: start worker processes
2024/01/24 19:54:35 [notice] 1#1: start worker process 29
2024/01/24 19:54:35 [notice] 1#1: start worker process 30
2024/01/24 19:54:35 [notice] 1#1: start worker process 31
2024/01/24 19:54:35 [notice] 1#1: start worker process 32
2024/01/24 19:54:35 [notice] 1#1: start worker process 33
2024/01/24 19:54:35 [notice] 1#1: start worker process 34
2024/01/24 19:54:35 [notice] 1#1: start worker process 35
2024/01/24 19:54:35 [notice] 1#1: start worker process 36
2024/01/24 19:55:50 [notice] 1#1: signal 3 (SIGQUIT) received, shutting down
2024/01/24 19:55:50 [notice] 29#29: gracefully shutting down
2024/01/24 19:55:50 [notice] 31#31: gracefully shutting down
2024/01/24 19:55:50 [notice] 30#30: gracefully shutting down
2024/01/24 19:55:50 [notice] 32#32: gracefully shutting down
2024/01/24 19:55:50 [notice] 29#29: exiting
2024/01/24 19:55:50 [notice] 31#31: exiting
2024/01/24 19:55:50 [notice] 30#30: exiting
2024/01/24 19:55:50 [notice] 32#32: exiting
2024/01/24 19:55:50 [notice] 33#33: gracefully shutting down
2024/01/24 19:55:50 [notice] 33#33: exiting
2024/01/24 19:55:50 [notice] 30#30: exit
2024/01/24 19:55:50 [notice] 29#29: exit
2024/01/24 19:55:50 [notice] 31#31: exit
2024/01/24 19:55:50 [notice] 33#33: exit
2024/01/24 19:55:50 [notice] 34#34: gracefully shutting down
2024/01/24 19:55:50 [notice] 34#34: exiting
2024/01/24 19:55:50 [notice] 34#34: exit
2024/01/24 19:55:50 [notice] 35#35: gracefully shutting down
2024/01/24 19:55:50 [notice] 35#35: exiting
2024/01/24 19:55:50 [notice] 36#36: gracefully shutting down
2024/01/24 19:55:50 [notice] 36#36: exiting
2024/01/24 19:55:50 [notice] 32#32: exit
2024/01/24 19:55:50 [notice] 35#35: exit
2024/01/24 19:55:50 [notice] 36#36: exit
2024/01/24 19:55:51 [notice] 1#1: signal 17 (SIGCHLD) received from 31
2024/01/24 19:55:51 [notice] 1#1: worker process 31 exited with code 0
2024/01/24 19:55:51 [notice] 1#1: worker process 32 exited with code 0
2024/01/24 19:55:51 [notice] 1#1: worker process 33 exited with code 0
2024/01/24 19:55:51 [notice] 1#1: signal 29 (SIGIO) received
2024/01/24 19:55:51 [notice] 1#1: signal 17 (SIGCHLD) received from 32
2024/01/24 19:55:51 [notice] 1#1: signal 17 (SIGCHLD) received from 30
2024/01/24 19:55:51 [notice] 1#1: worker process 30 exited with code 0
2024/01/24 19:55:51 [notice] 1#1: signal 29 (SIGIO) received
2024/01/24 19:55:51 [notice] 1#1: signal 17 (SIGCHLD) received from 29
2024/01/24 19:55:51 [notice] 1#1: worker process 29 exited with code 0
2024/01/24 19:55:51 [notice] 1#1: worker process 34 exited with code 0
2024/01/24 19:55:51 [notice] 1#1: signal 29 (SIGIO) received
2024/01/24 19:55:51 [notice] 1#1: signal 17 (SIGCHLD) received from 34
2024/01/24 19:55:51 [notice] 1#1: signal 17 (SIGCHLD) received from 36
2024/01/24 19:55:51 [notice] 1#1: worker process 36 exited with code 0
2024/01/24 19:55:51 [notice] 1#1: signal 29 (SIGIO) received
2024/01/24 19:55:51 [notice] 1#1: signal 17 (SIGCHLD) received from 35
2024/01/24 19:55:51 [notice] 1#1: worker process 35 exited with code 0
2024/01/24 19:55:51 [notice] 1#1: exit
2024/01/24 19:55:51 [notice] 1#1: using the "epoll" event method
2024/01/24 19:55:51 [notice] 1#1: nginx/1.23.3
2024/01/24 19:55:51 [notice] 1#1: built by gcc 12.2.1 20220924 (Alpine 12.2.1_git20220924-r4) 
2024/01/24 19:55:51 [notice] 1#1: OS: Linux 6.5.0-14-generic
2024/01/24 19:55:51 [notice] 1#1: getrlimit(RLIMIT_NOFILE): 1048576:1048576
2024/01/24 19:55:51 [notice] 1#1: start worker processes
2024/01/24 19:55:51 [notice] 1#1: start worker process 29
2024/01/24 19:55:51 [notice] 1#1: start worker process 30
2024/01/24 19:55:51 [notice] 1#1: start worker process 31
2024/01/24 19:55:51 [notice] 1#1: start worker process 32
2024/01/24 19:55:51 [notice] 1#1: start worker process 33
2024/01/24 19:55:51 [notice] 1#1: start worker process 34
2024/01/24 19:55:51 [notice] 1#1: start worker process 35
2024/01/24 19:55:51 [notice] 1#1: start worker process 36
2024/01/24 19:56:31 [error] 29#29: *1 directory index of "/var/www/html/" is forbidden, client: 192.168.128.1, server: 127.0.0.1, request: "GET / HTTP/1.1", host: "localhost:8008"
2024/01/24 19:58:50 [error] 31#31: *3 directory index of "/var/www/html/" is forbidden, client: 192.168.128.1, server: 127.0.0.1, request: "GET / HTTP/1.1", host: "localhost:8008"
2024/01/24 19:58:51 [error] 31#31: *3 directory index of "/var/www/html/" is forbidden, client: 192.168.128.1, server: 127.0.0.1, request: "GET / HTTP/1.1", host: "localhost:8008"
2024/01/24 19:58:52 [error] 31#31: *3 directory index of "/var/www/html/" is forbidden, client: 192.168.128.1, server: 127.0.0.1, request: "GET / HTTP/1.1", host: "localhost:8008"
2024/01/24 19:58:52 [error] 31#31: *3 directory index of "/var/www/html/" is forbidden, client: 192.168.128.1, server: 127.0.0.1, request: "GET / HTTP/1.1", host: "localhost:8008"
2024/01/24 20:00:59 [error] 34#34: *5 directory index of "/var/www/html/" is forbidden, client: 192.168.128.1, server: 127.0.0.1, request: "GET / HTTP/1.1", host: "localhost:8008"
2024/01/24 20:08:22 [error] 32#32: *7 directory index of "/var/www/html/" is forbidden, client: 192.168.128.1, server: 127.0.0.1, request: "GET / HTTP/1.1", host: "localhost:8008"
2024/01/24 20:08:24 [error] 32#32: *7 directory index of "/var/www/html/" is forbidden, client: 192.168.128.1, server: 127.0.0.1, request: "GET / HTTP/1.1", host: "localhost:8008"
2024/01/24 20:11:02 [notice] 1#1: signal 3 (SIGQUIT) received, shutting down
2024/01/24 20:11:02 [notice] 29#29: gracefully shutting down
2024/01/24 20:11:02 [notice] 32#32: gracefully shutting down
2024/01/24 20:11:02 [notice] 34#34: gracefully shutting down
2024/01/24 20:11:02 [notice] 33#33: gracefully shutting down
2024/01/24 20:11:02 [notice] 29#29: exiting
2024/01/24 20:11:02 [notice] 32#32: exiting
2024/01/24 20:11:02 [notice] 35#35: gracefully shutting down
2024/01/24 20:11:02 [notice] 34#34: exiting
2024/01/24 20:11:02 [notice] 33#33: exiting
2024/01/24 20:11:02 [notice] 31#31: gracefully shutting down
2024/01/24 20:11:02 [notice] 35#35: exiting
2024/01/24 20:11:02 [notice] 31#31: exiting
2024/01/24 20:11:02 [notice] 34#34: exit
2024/01/24 20:11:02 [notice] 29#29: exit
2024/01/24 20:11:02 [notice] 32#32: exit
2024/01/24 20:11:02 [notice] 33#33: exit
2024/01/24 20:11:02 [notice] 35#35: exit
2024/01/24 20:11:02 [notice] 31#31: exit
2024/01/24 20:11:02 [notice] 30#30: gracefully shutting down
2024/01/24 20:11:02 [notice] 36#36: gracefully shutting down
2024/01/24 20:11:02 [notice] 30#30: exiting
2024/01/24 20:11:02 [notice] 36#36: exiting
2024/01/24 20:11:02 [notice] 30#30: exit
2024/01/24 20:11:02 [notice] 36#36: exit
2024/01/24 20:11:02 [notice] 1#1: signal 17 (SIGCHLD) received from 30
2024/01/24 20:11:02 [notice] 1#1: worker process 29 exited with code 0
2024/01/24 20:11:02 [notice] 1#1: worker process 30 exited with code 0
2024/01/24 20:11:02 [notice] 1#1: signal 29 (SIGIO) received
2024/01/24 20:11:02 [notice] 1#1: signal 17 (SIGCHLD) received from 35
2024/01/24 20:11:02 [notice] 1#1: worker process 35 exited with code 0
2024/01/24 20:11:02 [notice] 1#1: worker process 36 exited with code 0
2024/01/24 20:11:02 [notice] 1#1: signal 29 (SIGIO) received
2024/01/24 20:11:02 [notice] 1#1: signal 17 (SIGCHLD) received from 36
2024/01/24 20:11:02 [notice] 1#1: signal 17 (SIGCHLD) received from 31
2024/01/24 20:11:02 [notice] 1#1: worker process 31 exited with code 0
2024/01/24 20:11:02 [notice] 1#1: worker process 32 exited with code 0
2024/01/24 20:11:02 [notice] 1#1: signal 29 (SIGIO) received
2024/01/24 20:11:02 [notice] 1#1: signal 17 (SIGCHLD) received from 32
2024/01/24 20:11:02 [notice] 1#1: signal 17 (SIGCHLD) received from 33
2024/01/24 20:11:02 [notice] 1#1: worker process 33 exited with code 0
2024/01/24 20:11:02 [notice] 1#1: signal 29 (SIGIO) received
2024/01/24 20:11:02 [notice] 1#1: signal 17 (SIGCHLD) received from 34
2024/01/24 20:11:02 [notice] 1#1: worker process 34 exited with code 0
2024/01/24 20:11:02 [notice] 1#1: exit
2024/01/24 20:11:07 [notice] 1#1: using the "epoll" event method
2024/01/24 20:11:07 [notice] 1#1: nginx/1.23.3
2024/01/24 20:11:07 [notice] 1#1: built by gcc 12.2.1 20220924 (Alpine 12.2.1_git20220924-r4) 
2024/01/24 20:11:07 [notice] 1#1: OS: Linux 6.5.0-14-generic
2024/01/24 20:11:07 [notice] 1#1: getrlimit(RLIMIT_NOFILE): 1048576:1048576
2024/01/24 20:11:07 [notice] 1#1: start worker processes
2024/01/24 20:11:07 [notice] 1#1: start worker process 29
2024/01/24 20:11:07 [notice] 1#1: start worker process 30
2024/01/24 20:11:07 [notice] 1#1: start worker process 31
2024/01/24 20:11:07 [notice] 1#1: start worker process 32
2024/01/24 20:11:07 [notice] 1#1: start worker process 33
2024/01/24 20:11:07 [notice] 1#1: start worker process 34
2024/01/24 20:11:07 [notice] 1#1: start worker process 35
2024/01/24 20:11:07 [notice] 1#1: start worker process 36
2024/01/24 20:19:39 [notice] 1#1: signal 3 (SIGQUIT) received, shutting down
2024/01/24 20:19:39 [notice] 29#29: gracefully shutting down
2024/01/24 20:19:39 [notice] 30#30: gracefully shutting down
2024/01/24 20:19:39 [notice] 31#31: gracefully shutting down
2024/01/24 20:19:39 [notice] 33#33: gracefully shutting down
2024/01/24 20:19:39 [notice] 29#29: exiting
2024/01/24 20:19:39 [notice] 32#32: gracefully shutting down
2024/01/24 20:19:39 [notice] 30#30: exiting
2024/01/24 20:19:39 [notice] 31#31: exiting
2024/01/24 20:19:39 [notice] 33#33: exiting
2024/01/24 20:19:39 [notice] 35#35: gracefully shutting down
2024/01/24 20:19:39 [notice] 32#32: exiting
2024/01/24 20:19:39 [notice] 35#35: exiting
2024/01/24 20:19:39 [notice] 31#31: exit
2024/01/24 20:19:39 [notice] 29#29: exit
2024/01/24 20:19:39 [notice] 33#33: exit
2024/01/24 20:19:39 [notice] 30#30: exit
2024/01/24 20:19:39 [notice] 32#32: exit
2024/01/24 20:19:39 [notice] 35#35: exit
2024/01/24 20:19:39 [notice] 36#36: gracefully shutting down
2024/01/24 20:19:39 [notice] 36#36: exiting
2024/01/24 20:19:39 [notice] 34#34: gracefully shutting down
2024/01/24 20:19:39 [notice] 34#34: exiting
2024/01/24 20:19:39 [notice] 36#36: exit
2024/01/24 20:19:39 [notice] 34#34: exit
2024/01/24 20:19:39 [notice] 1#1: signal 17 (SIGCHLD) received from 35
2024/01/24 20:19:39 [notice] 1#1: worker process 35 exited with code 0
2024/01/24 20:19:39 [notice] 1#1: signal 29 (SIGIO) received
2024/01/24 20:19:39 [notice] 1#1: signal 17 (SIGCHLD) received from 32
2024/01/24 20:19:39 [notice] 1#1: worker process 32 exited with code 0
2024/01/24 20:19:39 [notice] 1#1: worker process 31 exited with code 0
2024/01/24 20:19:39 [notice] 1#1: worker process 36 exited with code 0
2024/01/24 20:19:39 [notice] 1#1: signal 29 (SIGIO) received
2024/01/24 20:19:39 [notice] 1#1: signal 17 (SIGCHLD) received from 31
2024/01/24 20:19:39 [notice] 1#1: signal 17 (SIGCHLD) received from 33
2024/01/24 20:19:39 [notice] 1#1: worker process 33 exited with code 0
2024/01/24 20:19:39 [notice] 1#1: worker process 34 exited with code 0
2024/01/24 20:19:39 [notice] 1#1: signal 29 (SIGIO) received
2024/01/24 20:19:39 [notice] 1#1: signal 17 (SIGCHLD) received from 34
2024/01/24 20:19:39 [notice] 1#1: signal 17 (SIGCHLD) received from 29
2024/01/24 20:19:39 [notice] 1#1: worker process 29 exited with code 0
2024/01/24 20:19:39 [notice] 1#1: worker process 30 exited with code 0
2024/01/24 20:19:39 [notice] 1#1: exit
2024/01/24 20:20:01 [notice] 1#1: using the "epoll" event method
2024/01/24 20:20:01 [notice] 1#1: nginx/1.23.3
2024/01/24 20:20:01 [notice] 1#1: built by gcc 12.2.1 20220924 (Alpine 12.2.1_git20220924-r4) 
2024/01/24 20:20:01 [notice] 1#1: OS: Linux 6.5.0-14-generic
2024/01/24 20:20:01 [notice] 1#1: getrlimit(RLIMIT_NOFILE): 1048576:1048576
2024/01/24 20:20:01 [notice] 1#1: start worker processes
2024/01/24 20:20:01 [notice] 1#1: start worker process 29
2024/01/24 20:20:01 [notice] 1#1: start worker process 30
2024/01/24 20:20:01 [notice] 1#1: start worker process 31
2024/01/24 20:20:01 [notice] 1#1: start worker process 32
2024/01/24 20:20:01 [notice] 1#1: start worker process 33
2024/01/24 20:20:01 [notice] 1#1: start worker process 34
2024/01/24 20:20:01 [notice] 1#1: start worker process 35
2024/01/24 20:20:01 [notice] 1#1: start worker process 36
2024/01/24 20:20:25 [notice] 1#1: signal 3 (SIGQUIT) received, shutting down
2024/01/24 20:20:25 [notice] 29#29: gracefully shutting down
2024/01/24 20:20:25 [notice] 31#31: gracefully shutting down
2024/01/24 20:20:25 [notice] 32#32: gracefully shutting down
2024/01/24 20:20:25 [notice] 35#35: gracefully shutting down
2024/01/24 20:20:25 [notice] 29#29: exiting
2024/01/24 20:20:25 [notice] 36#36: gracefully shutting down
2024/01/24 20:20:25 [notice] 30#30: gracefully shutting down
2024/01/24 20:20:25 [notice] 31#31: exiting
2024/01/24 20:20:25 [notice] 32#32: exiting
2024/01/24 20:20:25 [notice] 35#35: exiting
2024/01/24 20:20:25 [notice] 36#36: exiting
2024/01/24 20:20:25 [notice] 30#30: exiting
2024/01/24 20:20:25 [notice] 29#29: exit
2024/01/24 20:20:25 [notice] 31#31: exit
2024/01/24 20:20:25 [notice] 32#32: exit
2024/01/24 20:20:25 [notice] 36#36: exit
2024/01/24 20:20:25 [notice] 30#30: exit
2024/01/24 20:20:25 [notice] 35#35: exit
2024/01/24 20:20:25 [notice] 33#33: gracefully shutting down
2024/01/24 20:20:25 [notice] 34#34: gracefully shutting down
2024/01/24 20:20:25 [notice] 33#33: exiting
2024/01/24 20:20:25 [notice] 34#34: exiting
2024/01/24 20:20:25 [notice] 33#33: exit
2024/01/24 20:20:25 [notice] 34#34: exit
2024/01/24 20:20:25 [notice] 1#1: signal 17 (SIGCHLD) received from 35
2024/01/24 20:20:25 [notice] 1#1: worker process 35 exited with code 0
2024/01/24 20:20:25 [notice] 1#1: signal 29 (SIGIO) received
2024/01/24 20:20:25 [notice] 1#1: signal 17 (SIGCHLD) received from 31
2024/01/24 20:20:25 [notice] 1#1: worker process 29 exited with code 0
2024/01/24 20:20:25 [notice] 1#1: worker process 31 exited with code 0
2024/01/24 20:20:25 [notice] 1#1: worker process 32 exited with code 0
2024/01/24 20:20:25 [notice] 1#1: worker process 33 exited with code 0
2024/01/24 20:20:25 [notice] 1#1: worker process 34 exited with code 0
2024/01/24 20:20:25 [notice] 1#1: signal 29 (SIGIO) received
2024/01/24 20:20:25 [notice] 1#1: signal 17 (SIGCHLD) received from 30
2024/01/24 20:20:25 [notice] 1#1: worker process 30 exited with code 0
2024/01/24 20:20:25 [notice] 1#1: worker process 36 exited with code 0
2024/01/24 20:20:25 [notice] 1#1: exit
2024/01/24 20:20:26 [notice] 1#1: using the "epoll" event method
2024/01/24 20:20:26 [notice] 1#1: nginx/1.23.3
2024/01/24 20:20:26 [notice] 1#1: built by gcc 12.2.1 20220924 (Alpine 12.2.1_git20220924-r4) 
2024/01/24 20:20:26 [notice] 1#1: OS: Linux 6.5.0-14-generic
2024/01/24 20:20:26 [notice] 1#1: getrlimit(RLIMIT_NOFILE): 1048576:1048576
2024/01/24 20:20:26 [notice] 1#1: start worker processes
2024/01/24 20:20:26 [notice] 1#1: start worker process 29
2024/01/24 20:20:26 [notice] 1#1: start worker process 30
2024/01/24 20:20:26 [notice] 1#1: start worker process 31
2024/01/24 20:20:26 [notice] 1#1: start worker process 32
2024/01/24 20:20:26 [notice] 1#1: start worker process 33
2024/01/24 20:20:26 [notice] 1#1: start worker process 34
2024/01/24 20:20:26 [notice] 1#1: start worker process 35
2024/01/24 20:20:26 [notice] 1#1: start worker process 36
2024/01/25 00:03:52 [notice] 1#1: signal 3 (SIGQUIT) received, shutting down
2024/01/25 00:03:52 [notice] 30#30: gracefully shutting down
2024/01/25 00:03:52 [notice] 33#33: gracefully shutting down
2024/01/25 00:03:52 [notice] 31#31: gracefully shutting down
2024/01/25 00:03:52 [notice] 36#36: gracefully shutting down
2024/01/25 00:03:52 [notice] 35#35: gracefully shutting down
2024/01/25 00:03:52 [notice] 30#30: exiting
2024/01/25 00:03:52 [notice] 29#29: gracefully shutting down
2024/01/25 00:03:52 [notice] 33#33: exiting
2024/01/25 00:03:52 [notice] 31#31: exiting
2024/01/25 00:03:52 [notice] 36#36: exiting
2024/01/25 00:03:52 [notice] 35#35: exiting
2024/01/25 00:03:52 [notice] 29#29: exiting
2024/01/25 00:03:52 [notice] 31#31: exit
2024/01/25 00:03:52 [notice] 30#30: exit
2024/01/25 00:03:52 [notice] 33#33: exit
2024/01/25 00:03:52 [notice] 36#36: exit
2024/01/25 00:03:52 [notice] 35#35: exit
2024/01/25 00:03:52 [notice] 29#29: exit
2024/01/25 00:03:52 [notice] 32#32: gracefully shutting down
2024/01/25 00:03:52 [notice] 32#32: exiting
2024/01/25 00:03:52 [notice] 32#32: exit
2024/01/25 00:03:52 [notice] 34#34: gracefully shutting down
2024/01/25 00:03:52 [notice] 34#34: exiting
2024/01/25 00:03:52 [notice] 34#34: exit
2024/01/25 00:03:52 [notice] 1#1: signal 17 (SIGCHLD) received from 31
2024/01/25 00:03:52 [notice] 1#1: worker process 31 exited with code 0
2024/01/25 00:03:52 [notice] 1#1: signal 29 (SIGIO) received
2024/01/25 00:03:52 [notice] 1#1: signal 17 (SIGCHLD) received from 36
2024/01/25 00:03:52 [notice] 1#1: worker process 36 exited with code 0
2024/01/25 00:03:52 [notice] 1#1: signal 29 (SIGIO) received
2024/01/25 00:03:52 [notice] 1#1: signal 17 (SIGCHLD) received from 30
2024/01/25 00:03:52 [notice] 1#1: worker process 30 exited with code 0
2024/01/25 00:03:52 [notice] 1#1: worker process 29 exited with code 0
2024/01/25 00:03:52 [notice] 1#1: signal 29 (SIGIO) received
2024/01/25 00:03:52 [notice] 1#1: signal 17 (SIGCHLD) received from 29
2024/01/25 00:03:52 [notice] 1#1: signal 17 (SIGCHLD) received from 35
2024/01/25 00:03:52 [notice] 1#1: worker process 35 exited with code 0
2024/01/25 00:03:52 [notice] 1#1: signal 29 (SIGIO) received
2024/01/25 00:03:52 [notice] 1#1: signal 17 (SIGCHLD) received from 33
2024/01/25 00:03:52 [notice] 1#1: worker process 33 exited with code 0
2024/01/25 00:03:52 [notice] 1#1: signal 29 (SIGIO) received
2024/01/25 00:03:52 [notice] 1#1: signal 17 (SIGCHLD) received from 32
2024/01/25 00:03:52 [notice] 1#1: worker process 32 exited with code 0
2024/01/25 00:03:52 [notice] 1#1: worker process 34 exited with code 0
2024/01/25 00:03:52 [notice] 1#1: exit
2024/01/25 07:43:15 [notice] 1#1: using the "epoll" event method
2024/01/25 07:43:15 [notice] 1#1: nginx/1.23.3
2024/01/25 07:43:15 [notice] 1#1: built by gcc 12.2.1 20220924 (Alpine 12.2.1_git20220924-r4) 
2024/01/25 07:43:15 [notice] 1#1: OS: Linux 6.5.0-14-generic
2024/01/25 07:43:15 [notice] 1#1: getrlimit(RLIMIT_NOFILE): 1048576:1048576
2024/01/25 07:43:15 [notice] 1#1: start worker processes
2024/01/25 07:43:15 [notice] 1#1: start worker process 28
2024/01/25 07:43:15 [notice] 1#1: start worker process 29
2024/01/25 07:43:15 [notice] 1#1: start worker process 30
2024/01/25 07:43:15 [notice] 1#1: start worker process 31
2024/01/25 07:43:15 [notice] 1#1: start worker process 32
2024/01/25 07:43:15 [notice] 1#1: start worker process 33
2024/01/25 07:43:15 [notice] 1#1: start worker process 34
2024/01/25 07:43:15 [notice] 1#1: start worker process 35
2024/01/25 13:29:07 [notice] 1#1: signal 3 (SIGQUIT) received, shutting down
2024/01/25 13:29:07 [notice] 33#33: gracefully shutting down
2024/01/25 13:29:07 [notice] 29#29: gracefully shutting down
2024/01/25 13:29:07 [notice] 28#28: gracefully shutting down
2024/01/25 13:29:07 [notice] 33#33: exiting
2024/01/25 13:29:07 [notice] 29#29: exiting
2024/01/25 13:29:07 [notice] 28#28: exiting
2024/01/25 13:29:07 [notice] 33#33: exit
2024/01/25 13:29:07 [notice] 29#29: exit
2024/01/25 13:29:07 [notice] 28#28: exit
2024/01/25 13:29:07 [notice] 30#30: gracefully shutting down
2024/01/25 13:29:07 [notice] 30#30: exiting
2024/01/25 13:29:07 [notice] 30#30: exit
2024/01/25 13:29:07 [notice] 31#31: gracefully shutting down
2024/01/25 13:29:07 [notice] 31#31: exiting
2024/01/25 13:29:07 [notice] 31#31: exit
2024/01/25 13:29:07 [notice] 34#34: gracefully shutting down
2024/01/25 13:29:07 [notice] 34#34: exiting
2024/01/25 13:29:07 [notice] 32#32: gracefully shutting down
2024/01/25 13:29:07 [notice] 32#32: exiting
2024/01/25 13:29:07 [notice] 34#34: exit
2024/01/25 13:29:07 [notice] 32#32: exit
2024/01/25 13:29:07 [notice] 35#35: gracefully shutting down
2024/01/25 13:29:07 [notice] 35#35: exiting
2024/01/25 13:29:07 [notice] 35#35: exit
2024/01/25 13:29:07 [notice] 1#1: signal 17 (SIGCHLD) received from 34
2024/01/25 13:29:07 [notice] 1#1: worker process 34 exited with code 0
2024/01/25 13:29:07 [notice] 1#1: signal 29 (SIGIO) received
2024/01/25 13:29:07 [notice] 1#1: signal 17 (SIGCHLD) received from 35
2024/01/25 13:29:07 [notice] 1#1: worker process 35 exited with code 0
2024/01/25 13:29:07 [notice] 1#1: signal 29 (SIGIO) received
2024/01/25 13:29:07 [notice] 1#1: signal 17 (SIGCHLD) received from 33
2024/01/25 13:29:07 [notice] 1#1: worker process 32 exited with code 0
2024/01/25 13:29:07 [notice] 1#1: worker process 33 exited with code 0
2024/01/25 13:29:07 [notice] 1#1: signal 29 (SIGIO) received
2024/01/25 13:29:07 [notice] 1#1: signal 17 (SIGCHLD) received from 30
2024/01/25 13:29:07 [notice] 1#1: worker process 30 exited with code 0
2024/01/25 13:29:07 [notice] 1#1: signal 29 (SIGIO) received
2024/01/25 13:29:07 [notice] 1#1: signal 17 (SIGCHLD) received from 31
2024/01/25 13:29:07 [notice] 1#1: worker process 31 exited with code 0
2024/01/25 13:29:07 [notice] 1#1: signal 29 (SIGIO) received
2024/01/25 13:29:07 [notice] 1#1: signal 17 (SIGCHLD) received from 29
2024/01/25 13:29:07 [notice] 1#1: worker process 29 exited with code 0
2024/01/25 13:29:07 [notice] 1#1: signal 29 (SIGIO) received
2024/01/25 13:29:07 [notice] 1#1: signal 17 (SIGCHLD) received from 28
2024/01/25 13:29:07 [notice] 1#1: worker process 28 exited with code 0
2024/01/25 13:29:07 [notice] 1#1: exit
2024/01/25 16:27:34 [notice] 1#1: using the "epoll" event method
2024/01/25 16:27:34 [notice] 1#1: nginx/1.23.3
2024/01/25 16:27:34 [notice] 1#1: built by gcc 12.2.1 20220924 (Alpine 12.2.1_git20220924-r4) 
2024/01/25 16:27:34 [notice] 1#1: OS: Linux 6.5.0-14-generic
2024/01/25 16:27:34 [notice] 1#1: getrlimit(RLIMIT_NOFILE): 1048576:1048576
2024/01/25 16:27:34 [notice] 1#1: start worker processes
2024/01/25 16:27:34 [notice] 1#1: start worker process 29
2024/01/25 16:27:34 [notice] 1#1: start worker process 30
2024/01/25 16:27:34 [notice] 1#1: start worker process 31
2024/01/25 16:27:34 [notice] 1#1: start worker process 32
2024/01/25 16:27:34 [notice] 1#1: start worker process 33
2024/01/25 16:27:34 [notice] 1#1: start worker process 34
2024/01/25 16:27:34 [notice] 1#1: start worker process 35
2024/01/25 16:27:34 [notice] 1#1: start worker process 36
2024/01/26 13:01:05 [notice] 1#1: signal 3 (SIGQUIT) received, shutting down
2024/01/26 13:01:05 [notice] 29#29: gracefully shutting down
2024/01/26 13:01:05 [notice] 29#29: exiting
2024/01/26 13:01:05 [notice] 29#29: exit
2024/01/26 13:01:05 [notice] 30#30: gracefully shutting down
2024/01/26 13:01:05 [notice] 30#30: exiting
2024/01/26 13:01:05 [notice] 30#30: exit
2024/01/26 13:01:05 [notice] 31#31: gracefully shutting down
2024/01/26 13:01:05 [notice] 31#31: exiting
2024/01/26 13:01:05 [notice] 31#31: exit
2024/01/26 13:01:05 [notice] 33#33: gracefully shutting down
2024/01/26 13:01:05 [notice] 33#33: exiting
2024/01/26 13:01:05 [notice] 33#33: exit
2024/01/26 13:01:05 [notice] 34#34: gracefully shutting down
2024/01/26 13:01:05 [notice] 34#34: exiting
2024/01/26 13:01:05 [notice] 32#32: gracefully shutting down
2024/01/26 13:01:05 [notice] 32#32: exiting
2024/01/26 13:01:05 [notice] 34#34: exit
2024/01/26 13:01:05 [notice] 32#32: exit
2024/01/26 13:01:05 [notice] 35#35: gracefully shutting down
2024/01/26 13:01:05 [notice] 35#35: exiting
2024/01/26 13:01:05 [notice] 35#35: exit
2024/01/26 13:01:05 [notice] 36#36: gracefully shutting down
2024/01/26 13:01:05 [notice] 36#36: exiting
2024/01/26 13:01:05 [notice] 36#36: exit
2024/01/26 13:01:05 [notice] 1#1: signal 17 (SIGCHLD) received from 36
2024/01/26 13:01:05 [notice] 1#1: worker process 31 exited with code 0
2024/01/26 13:01:05 [notice] 1#1: worker process 32 exited with code 0
2024/01/26 13:01:05 [notice] 1#1: worker process 35 exited with code 0
2024/01/26 13:01:05 [notice] 1#1: worker process 36 exited with code 0
2024/01/26 13:01:05 [notice] 1#1: signal 29 (SIGIO) received
2024/01/26 13:01:05 [notice] 1#1: signal 17 (SIGCHLD) received from 35
2024/01/26 13:01:05 [notice] 1#1: signal 17 (SIGCHLD) received from 29
2024/01/26 13:01:05 [notice] 1#1: worker process 29 exited with code 0
2024/01/26 13:01:05 [notice] 1#1: signal 29 (SIGIO) received
2024/01/26 13:01:05 [notice] 1#1: signal 17 (SIGCHLD) received from 30
2024/01/26 13:01:05 [notice] 1#1: worker process 30 exited with code 0
2024/01/26 13:01:05 [notice] 1#1: worker process 33 exited with code 0
2024/01/26 13:01:05 [notice] 1#1: signal 29 (SIGIO) received
2024/01/26 13:01:05 [notice] 1#1: signal 17 (SIGCHLD) received from 34
2024/01/26 13:01:05 [notice] 1#1: worker process 34 exited with code 0
2024/01/26 13:01:05 [notice] 1#1: exit
2024/01/26 16:04:27 [notice] 1#1: using the "epoll" event method
2024/01/26 16:04:27 [notice] 1#1: nginx/1.23.3
2024/01/26 16:04:27 [notice] 1#1: built by gcc 12.2.1 20220924 (Alpine 12.2.1_git20220924-r4) 
2024/01/26 16:04:27 [notice] 1#1: OS: Linux 6.5.0-15-generic
2024/01/26 16:04:27 [notice] 1#1: getrlimit(RLIMIT_NOFILE): 1048576:1048576
2024/01/26 16:04:27 [notice] 1#1: start worker processes
2024/01/26 16:04:27 [notice] 1#1: start worker process 29
2024/01/26 16:04:27 [notice] 1#1: start worker process 30
2024/01/26 16:04:27 [notice] 1#1: start worker process 31
2024/01/26 16:04:27 [notice] 1#1: start worker process 32
2024/01/26 16:04:27 [notice] 1#1: start worker process 33
2024/01/26 16:04:27 [notice] 1#1: start worker process 34
2024/01/26 16:04:27 [notice] 1#1: start worker process 35
2024/01/26 16:04:27 [notice] 1#1: start worker process 36
2024/01/27 01:03:24 [notice] 1#1: signal 3 (SIGQUIT) received, shutting down
2024/01/27 01:03:24 [notice] 30#30: gracefully shutting down
2024/01/27 01:03:24 [notice] 32#32: gracefully shutting down
2024/01/27 01:03:24 [notice] 31#31: gracefully shutting down
2024/01/27 01:03:24 [notice] 30#30: exiting
2024/01/27 01:03:24 [notice] 32#32: exiting
2024/01/27 01:03:24 [notice] 31#31: exiting
2024/01/27 01:03:24 [notice] 30#30: exit
2024/01/27 01:03:24 [notice] 32#32: exit
2024/01/27 01:03:24 [notice] 31#31: exit
2024/01/27 01:03:24 [notice] 29#29: gracefully shutting down
2024/01/27 01:03:24 [notice] 33#33: gracefully shutting down
2024/01/27 01:03:24 [notice] 29#29: exiting
2024/01/27 01:03:24 [notice] 33#33: exiting
2024/01/27 01:03:24 [notice] 29#29: exit
2024/01/27 01:03:24 [notice] 33#33: exit
2024/01/27 01:03:24 [notice] 34#34: gracefully shutting down
2024/01/27 01:03:24 [notice] 34#34: exiting
2024/01/27 01:03:24 [notice] 34#34: exit
2024/01/27 01:03:24 [notice] 35#35: gracefully shutting down
2024/01/27 01:03:24 [notice] 35#35: exiting
2024/01/27 01:03:24 [notice] 36#36: gracefully shutting down
2024/01/27 01:03:24 [notice] 36#36: exiting
2024/01/27 01:03:24 [notice] 35#35: exit
2024/01/27 01:03:24 [notice] 36#36: exit
2024/01/27 01:03:25 [notice] 1#1: signal 17 (SIGCHLD) received from 34
2024/01/27 01:03:25 [notice] 1#1: worker process 29 exited with code 0
2024/01/27 01:03:25 [notice] 1#1: worker process 30 exited with code 0
2024/01/27 01:03:25 [notice] 1#1: worker process 31 exited with code 0
2024/01/27 01:03:25 [notice] 1#1: worker process 32 exited with code 0
2024/01/27 01:03:25 [notice] 1#1: worker process 33 exited with code 0
2024/01/27 01:03:25 [notice] 1#1: worker process 34 exited with code 0
2024/01/27 01:03:25 [notice] 1#1: worker process 35 exited with code 0
2024/01/27 01:03:25 [notice] 1#1: worker process 36 exited with code 0
2024/01/27 01:03:25 [notice] 1#1: exit
2024/01/27 05:51:11 [notice] 1#1: using the "epoll" event method
2024/01/27 05:51:11 [notice] 1#1: nginx/1.23.3
2024/01/27 05:51:11 [notice] 1#1: built by gcc 12.2.1 20220924 (Alpine 12.2.1_git20220924-r4) 
2024/01/27 05:51:11 [notice] 1#1: OS: Linux 6.5.0-15-generic
2024/01/27 05:51:11 [notice] 1#1: getrlimit(RLIMIT_NOFILE): 1048576:1048576
2024/01/27 05:51:11 [notice] 1#1: start worker processes
2024/01/27 05:51:11 [notice] 1#1: start worker process 29
2024/01/27 05:51:11 [notice] 1#1: start worker process 30
2024/01/27 05:51:11 [notice] 1#1: start worker process 31
2024/01/27 05:51:11 [notice] 1#1: start worker process 32
2024/01/27 05:51:11 [notice] 1#1: start worker process 33
2024/01/27 05:51:11 [notice] 1#1: start worker process 34
2024/01/27 05:51:11 [notice] 1#1: start worker process 35
2024/01/27 05:51:11 [notice] 1#1: start worker process 36
